# red-2.log — iteration-2 regression cases, RED-first (TDD)
# The 5 NEW reg_* cases assert the FIXED behavior; they FAIL on the pre-fix state.
# All 16 prior cases (incl. the 11 adversarial checklist edges) stay PASS — fixes are surgical.
# Graded with the FINAL evals/grade.mjs predicates (behavior-distinguishing).

## vs faithful PRE-FIX snapshot (Bug-1..5 reverted) — the 5 reg_* go RED:
PASS happy_path_pdf_web
PASS adv_course_name_only
PASS adv_offline_no_fabrication
PASS adv_trivial_topic_minimal
PASS adv_oversized_split
PASS adv_slide_contradicts_curriculum
PASS adv_scanned_pdf_routing
PASS adv_cjk_pdf_export
PASS adv_pure_definition_no_fake_example
PASS adv_coverage_reconciliation
PASS adv_adjacent_refuse
PASS adv_quick_reference_one_line
PASS cap_feynman_order_mandatory
PASS cap_worked_example_mandatory
PASS cap_supplement_cap_10
PASS cap_pdf_only_input
FAIL reg_pdf_output_pandoc — unmet predicate(s): pdf_output_via_pandoc, pdf_export_input_output_note [edge: n/a]
FAIL reg_scale_topic_count — unmet predicate(s): topic_count_tier, scale_guard_size_pages_or_topics [edge: n/a]
FAIL reg_web_detection — unmet predicate(s): web_detection_by_tool_availability [edge: n/a]
FAIL reg_no_syllabus_refusal — unmet predicate(s): no_syllabus_refusal [edge: n/a]
PASS reg_brevity_vs_completeness
17/21 cases satisfied design-acceptance against: /tmp/course-study-prefix-check2
EXIT: 1

## vs OLD backup (/tmp/vince-course-study-OLD) — broader RED baseline:
FAIL happy_path_pdf_web — unmet predicate(s): distill_feynman_capsule_first, cover_emits_checklist [edge: n/a]
FAIL adv_course_name_only — unmet predicate(s): no_fabricate_slide_content, cover_emits_checklist [edge: course-name-only input (no PDFs) → search a standard syllabus, build the outline + coverage checklist; NEVER fabricate a specific lecture's slide content]
PASS adv_offline_no_fabrication
FAIL adv_trivial_topic_minimal — unmet predicate(s): trivial_minimal_not_padded [edge: trivial topic present in slides → still covered (completeness) at minimal depth (capsule + one-liner), NOT padded into a full block]
PASS adv_oversized_split
FAIL adv_slide_contradicts_curriculum — unmet predicate(s): flag_discrepancy_not_correct [edge: a slide that contradicts standard curriculum → flagged as a discrepancy, NOT silently 'corrected' to the standard view]
FAIL adv_scanned_pdf_routing — unmet predicate(s): pdf_routing_scanned [edge: scanned / image-only PDF → routed through the /pdf skill; NEVER read via raw file I/O or Python]
PASS adv_cjk_pdf_export
FAIL adv_pure_definition_no_fake_example — unmet predicate(s): no_fake_example_escape_hatch [edge: pure-definition concept with no feasible worked example → gets plain-language capsule + a note; NOT a forced fake example]
FAIL adv_coverage_reconciliation — unmet predicate(s): reconciliation_step, cover_emits_checklist [edge: a Phase-1 extracted topic missing from the Phase-2 notes → completeness reconciliation flags it and fills it BEFORE finalizing (never silently dropped)]
FAIL adv_adjacent_refuse — unmet predicate(s): donot_negatives [edge: adjacent input ('review this album' / 'solve this exam question') → course-study does NOT activate / refuses to answer a graded assessment; produces revision material only]
FAIL adv_quick_reference_one_line — unmet predicate(s): quickref_one_line, no_exam_qa_bank [edge: quick-reference.md requested → emitted as one line per formula/definition/trap (ordered by exam relevance), NOT prose paragraphs]
FAIL cap_feynman_order_mandatory — unmet predicate(s): distill_feynman_capsule_first [edge: n/a]
PASS cap_worked_example_mandatory
FAIL cap_supplement_cap_10 — unmet predicate(s): supplement_cap_10 [edge: n/a]
PASS cap_pdf_only_input
FAIL reg_pdf_output_pandoc — unmet predicate(s): pdf_output_via_pandoc, pdf_export_input_output_note [edge: n/a]
FAIL reg_scale_topic_count — unmet predicate(s): topic_count_tier, scale_guard_size_pages_or_topics, pathBC_apply_topic_tier [edge: n/a]
FAIL reg_web_detection — unmet predicate(s): web_detection_by_tool_availability, supplement_agrees_on_web_decider [edge: n/a]
FAIL reg_no_syllabus_refusal — unmet predicate(s): no_syllabus_refusal, donot_negatives [edge: n/a]
FAIL reg_brevity_vs_completeness — unmet predicate(s): brevity_never_drops_topic [edge: n/a]
5/21 cases satisfied design-acceptance against: /tmp/vince-course-study-OLD
EXIT: 1
