✖ findStaleTsJsPairs flags .ts newer than its .js sibling (1.384875ms)
✖ detectSelectedDomain extracts the URL from config/domain/selected (0.526334ms)
✔ detectSelectedDomain returns found:false when absent (0.117625ms)
✔ localIpv4 returns an array of {name,address} (0.067125ms)
✖ runTypecheck reports ran:false when no tsconfig (0.181958ms)
✖ runTypecheck reports ok:true on exit 0 and ok:false on nonzero (0.282666ms)
ℹ tests 6
ℹ suites 0
ℹ pass 2
ℹ fail 4
ℹ cancelled 0
ℹ skipped 0
ℹ todo 0
ℹ duration_ms 39.09

✖ failing tests:

test at test/doctor.test.js:20:1
✖ findStaleTsJsPairs flags .ts newer than its .js sibling (1.384875ms)
  AssertionError [ERR_ASSERTION]: Expected values to be strictly equal:
  
  0 !== 2
  
      at TestContext.<anonymous> (file:///Users/vince/playground/skill-developer/vince-mp-cli/test/doctor.test.js:41:10)
      at Test.runInAsyncScope (node:async_hooks:227:14)
      at Test.run (node:internal/test_runner/test:1306:25)
      at Test.start (node:internal/test_runner/test:1177:17)
      at startSubtestAfterBootstrap (node:internal/test_runner/harness:385:17) {
    generatedMessage: true,
    code: 'ERR_ASSERTION',
    actual: 0,
    expected: 2,
    operator: 'strictEqual',
    diff: 'simple'
  }

test at test/doctor.test.js:47:1
✖ detectSelectedDomain extracts the URL from config/domain/selected (0.526334ms)
  AssertionError [ERR_ASSERTION]: Expected values to be strictly equal:
  
  false !== true
  
      at TestContext.<anonymous> (file:///Users/vince/playground/skill-developer/vince-mp-cli/test/doctor.test.js:54:10)
      at Test.runInAsyncScope (node:async_hooks:227:14)
      at Test.run (node:internal/test_runner/test:1306:25)
      at Test.processPendingSubtests (node:internal/test_runner/test:897:18)
      at Test.postRun (node:internal/test_runner/test:1447:19)
      at Test.run (node:internal/test_runner/test:1372:12)
      at async startSubtestAfterBootstrap (node:internal/test_runner/harness:385:3) {
    generatedMessage: true,
    code: 'ERR_ASSERTION',
    actual: false,
    expected: true,
    operator: 'strictEqual',
    diff: 'simple'
  }

test at test/doctor.test.js:74:1
✖ runTypecheck reports ran:false when no tsconfig (0.181958ms)
  AssertionError [ERR_ASSERTION]: The input did not match the regular expression /tsconfig/. Input:
  
  'stub'
  
      at TestContext.<anonymous> (file:///Users/vince/playground/skill-developer/vince-mp-cli/test/doctor.test.js:78:10)
      at async Test.run (node:internal/test_runner/test:1313:7)
      at async Test.processPendingSubtests (node:internal/test_runner/test:897:7) {
    generatedMessage: true,
    code: 'ERR_ASSERTION',
    actual: 'stub',
    expected: /tsconfig/,
    operator: 'match',
    diff: 'simple'
  }

test at test/doctor.test.js:81:1
✖ runTypecheck reports ok:true on exit 0 and ok:false on nonzero (0.282666ms)
  AssertionError [ERR_ASSERTION]: Expected values to be strictly equal:
  
  false !== true
  
      at TestContext.<anonymous> (file:///Users/vince/playground/skill-developer/vince-mp-cli/test/doctor.test.js:87:10)
      at async Test.run (node:internal/test_runner/test:1313:7)
      at async Test.processPendingSubtests (node:internal/test_runner/test:897:7) {
    generatedMessage: true,
    code: 'ERR_ASSERTION',
    actual: false,
    expected: true,
    operator: 'strictEqual',
    diff: 'simple'
  }
